0 info it worked if it ends with ok
1 verbose cli [ '/Users/joseph.allen/.nvm/v0.10.40/bin/node',
1 verbose cli   '/Users/joseph.allen/.nvm/v0.10.40/bin/npm',
1 verbose cli   'i',
1 verbose cli   'nodesqlite3' ]
2 info using npm@1.4.28
3 info using node@v0.10.40
4 info shrinkwrap file "/Users/joseph.allen/Code/RubyAcornBlog/ghost-0.7.6/npm-shrinkwrap.json"
5 verbose readDependencies returned deps { bcryptjs: 'https://registry.npmjs.org/bcryptjs/-/bcryptjs-2.3.0.tgz',
5 verbose readDependencies returned deps   bluebird: 'https://registry.npmjs.org/bluebird/-/bluebird-2.10.2.tgz',
5 verbose readDependencies returned deps   'body-parser': 'https://registry.npmjs.org/body-parser/-/body-parser-1.14.2.tgz',
5 verbose readDependencies returned deps   bookshelf: 'https://registry.npmjs.org/bookshelf/-/bookshelf-0.7.9.tgz',
5 verbose readDependencies returned deps   busboy: 'https://registry.npmjs.org/busboy/-/busboy-0.2.12.tgz',
5 verbose readDependencies returned deps   chalk: 'https://registry.npmjs.org/chalk/-/chalk-1.1.1.tgz',
5 verbose readDependencies returned deps   cheerio: 'https://registry.npmjs.org/cheerio/-/cheerio-0.19.0.tgz',
5 verbose readDependencies returned deps   compression: 'https://registry.npmjs.org/compression/-/compression-1.6.0.tgz',
5 verbose readDependencies returned deps   'connect-slashes': 'https://registry.npmjs.org/connect-slashes/-/connect-slashes-1.3.1.tgz',
5 verbose readDependencies returned deps   'content-type': 'https://registry.npmjs.org/content-type/-/content-type-1.0.1.tgz',
5 verbose readDependencies returned deps   'cookie-session': 'https://registry.npmjs.org/cookie-session/-/cookie-session-1.2.0.tgz',
5 verbose readDependencies returned deps   downsize: 'https://registry.npmjs.org/downsize/-/downsize-0.0.8.tgz',
5 verbose readDependencies returned deps   express: 'https://registry.npmjs.org/express/-/express-4.13.3.tgz',
5 verbose readDependencies returned deps   'express-hbs': 'https://registry.npmjs.org/express-hbs/-/express-hbs-0.8.4.tgz',
5 verbose readDependencies returned deps   'extract-zip': 'https://registry.npmjs.org/extract-zip/-/extract-zip-1.4.1.tgz',
5 verbose readDependencies returned deps   'fs-extra': 'https://registry.npmjs.org/fs-extra/-/fs-extra-0.26.4.tgz',
5 verbose readDependencies returned deps   'ghost-gql': 'https://registry.npmjs.org/ghost-gql/-/ghost-gql-0.0.3.tgz',
5 verbose readDependencies returned deps   glob: 'https://registry.npmjs.org/glob/-/glob-5.0.15.tgz',
5 verbose readDependencies returned deps   'html-to-text': 'https://registry.npmjs.org/html-to-text/-/html-to-text-1.5.1.tgz',
5 verbose readDependencies returned deps   'http-errors': 'https://registry.npmjs.org/http-errors/-/http-errors-1.3.1.tgz',
5 verbose readDependencies returned deps   'iconv-lite': 'https://registry.npmjs.org/iconv-lite/-/iconv-lite-0.4.13.tgz',
5 verbose readDependencies returned deps   inherits: 'https://registry.npmjs.org/inherits/-/inherits-2.0.1.tgz',
5 verbose readDependencies returned deps   ini: 'https://registry.npmjs.org/ini/-/ini-1.3.4.tgz',
5 verbose readDependencies returned deps   intl: 'https://registry.npmjs.org/intl/-/intl-1.0.1.tgz',
5 verbose readDependencies returned deps   'intl-messageformat': 'https://registry.npmjs.org/intl-messageformat/-/intl-messageformat-1.2.0.tgz',
5 verbose readDependencies returned deps   jsonpath: 'https://registry.npmjs.org/jsonpath/-/jsonpath-0.2.2.tgz',
5 verbose readDependencies returned deps   knex: 'https://registry.npmjs.org/knex/-/knex-0.7.3.tgz',
5 verbose readDependencies returned deps   lodash: 'https://registry.npmjs.org/lodash/-/lodash-3.10.1.tgz',
5 verbose readDependencies returned deps   'mime-types': 'https://registry.npmjs.org/mime-types/-/mime-types-2.1.9.tgz',
5 verbose readDependencies returned deps   minimatch: 'https://registry.npmjs.org/minimatch/-/minimatch-0.2.14.tgz',
5 verbose readDependencies returned deps   minimist: 'https://registry.npmjs.org/minimist/-/minimist-1.1.3.tgz',
5 verbose readDependencies returned deps   mocha: 'https://registry.npmjs.org/mocha/-/mocha-2.4.5.tgz',
5 verbose readDependencies returned deps   moment: 'https://registry.npmjs.org/moment/-/moment-2.11.1.tgz',
5 verbose readDependencies returned deps   morgan: 'https://registry.npmjs.org/morgan/-/morgan-1.6.1.tgz',
5 verbose readDependencies returned deps   mysql: 'https://registry.npmjs.org/mysql/-/mysql-2.1.1.tgz',
5 verbose readDependencies returned deps   'node-uuid': 'https://registry.npmjs.org/node-uuid/-/node-uuid-1.4.7.tgz',
5 verbose readDependencies returned deps   nodemailer: 'https://registry.npmjs.org/nodemailer/-/nodemailer-0.7.1.tgz',
5 verbose readDependencies returned deps   nopt: 'https://registry.npmjs.org/nopt/-/nopt-3.0.6.tgz',
5 verbose readDependencies returned deps   oauth2orize: 'https://registry.npmjs.org/oauth2orize/-/oauth2orize-1.2.0.tgz',
5 verbose readDependencies returned deps   'on-finished': 'https://registry.npmjs.org/on-finished/-/on-finished-2.3.0.tgz',
5 verbose readDependencies returned deps   'on-headers': 'https://registry.npmjs.org/on-headers/-/on-headers-1.0.1.tgz',
5 verbose readDependencies returned deps   passport: 'https://registry.npmjs.org/passport/-/passport-0.3.2.tgz',
5 verbose readDependencies returned deps   'passport-http-bearer': 'https://registry.npmjs.org/passport-http-bearer/-/passport-http-bearer-1.0.1.tgz',
5 verbose readDependencies returned deps   'passport-oauth2-client-password': 'https://registry.npmjs.org/passport-oauth2-client-password/-/passport-oauth2-client-password-0.1.2.tgz',
5 verbose readDependencies returned deps   'passport-strategy': 'https://registry.npmjs.org/passport-strategy/-/passport-strategy-1.0.0.tgz',
5 verbose readDependencies returned deps   'path-match': 'https://registry.npmjs.org/path-match/-/path-match-1.2.3.tgz',
5 verbose readDependencies returned deps   pg: 'https://registry.npmjs.org/pg/-/pg-4.1.1.tgz',
5 verbose readDependencies returned deps   request: 'https://registry.npmjs.org/request/-/request-2.67.0.tgz',
5 verbose readDependencies returned deps   rss: 'https://registry.npmjs.org/rss/-/rss-1.2.1.tgz',
5 verbose readDependencies returned deps   semver: 'https://registry.npmjs.org/semver/-/semver-5.1.0.tgz',
5 verbose readDependencies returned deps   'showdown-ghost': 'https://registry.npmjs.org/showdown-ghost/-/showdown-ghost-0.3.6.tgz',
5 verbose readDependencies returned deps   sqlite3: 'https://registry.npmjs.org/sqlite3/-/sqlite3-3.1.1.tgz',
5 verbose readDependencies returned deps   'type-is': 'https://registry.npmjs.org/type-is/-/type-is-1.6.11.tgz',
5 verbose readDependencies returned deps   unidecode: 'https://registry.npmjs.org/unidecode/-/unidecode-0.1.8.tgz',
5 verbose readDependencies returned deps   unpipe: 'https://registry.npmjs.org/unpipe/-/unpipe-1.0.0.tgz',
5 verbose readDependencies returned deps   'utils-merge': 'https://registry.npmjs.org/utils-merge/-/utils-merge-1.0.0.tgz',
5 verbose readDependencies returned deps   validator: 'https://registry.npmjs.org/validator/-/validator-4.5.0.tgz',
5 verbose readDependencies returned deps   xml: 'https://registry.npmjs.org/xml/-/xml-1.0.0.tgz' }
6 verbose cache add [ 'nodesqlite3', null ]
7 verbose cache add name=undefined spec="nodesqlite3" args=["nodesqlite3",null]
8 verbose parsed url { protocol: null,
8 verbose parsed url   slashes: null,
8 verbose parsed url   auth: null,
8 verbose parsed url   host: null,
8 verbose parsed url   port: null,
8 verbose parsed url   hostname: null,
8 verbose parsed url   hash: null,
8 verbose parsed url   search: null,
8 verbose parsed url   query: null,
8 verbose parsed url   pathname: 'nodesqlite3',
8 verbose parsed url   path: 'nodesqlite3',
8 verbose parsed url   href: 'nodesqlite3' }
9 silly lockFile a1b340fe-nodesqlite3 nodesqlite3
10 verbose lock nodesqlite3 /Users/joseph.allen/.npm/a1b340fe-nodesqlite3.lock
11 silly lockFile a1b340fe-nodesqlite3 nodesqlite3
12 silly lockFile a1b340fe-nodesqlite3 nodesqlite3
13 verbose addNamed [ 'nodesqlite3', '' ]
14 verbose addNamed [ null, '*' ]
15 silly lockFile b5791473-nodesqlite3 nodesqlite3@
16 verbose lock nodesqlite3@ /Users/joseph.allen/.npm/b5791473-nodesqlite3.lock
17 silly addNameRange { name: 'nodesqlite3', range: '*', hasData: false }
18 verbose request where is /nodesqlite3
19 verbose request registry https://registry.npmjs.org/
20 verbose request id b15df3c6eee0cd2e
21 verbose url raw /nodesqlite3
22 verbose url resolving [ 'https://registry.npmjs.org/', './nodesqlite3' ]
23 verbose url resolved https://registry.npmjs.org/nodesqlite3
24 verbose request where is https://registry.npmjs.org/nodesqlite3
25 info trying registry request attempt 1 at 16:40:34
26 http GET https://registry.npmjs.org/nodesqlite3
27 http 404 https://registry.npmjs.org/nodesqlite3
28 silly registry.get cb [ 404,
28 silly registry.get   { 'content-type': 'application/json',
28 silly registry.get     'cache-control': 'max-age=0',
28 silly registry.get     'content-length': '2',
28 silly registry.get     'accept-ranges': 'bytes',
28 silly registry.get     date: 'Fri, 05 Feb 2016 16:40:34 GMT',
28 silly registry.get     via: '1.1 varnish',
28 silly registry.get     age: '0',
28 silly registry.get     connection: 'keep-alive',
28 silly registry.get     'x-served-by': 'cache-ams4127-AMS',
28 silly registry.get     'x-cache': 'MISS',
28 silly registry.get     'x-cache-hits': '0',
28 silly registry.get     'x-timer': 'S1454690433.980001,VS0,VE702' } ]
29 silly lockFile b5791473-nodesqlite3 nodesqlite3@
30 silly lockFile b5791473-nodesqlite3 nodesqlite3@
31 error 404 Not Found
31 error 404
31 error 404 'nodesqlite3' is not in the npm registry.
31 error 404 You should bug the author to publish it
31 error 404 It was specified as a dependency of 'ghost'
31 error 404
31 error 404 Note that you can also install from a
31 error 404 tarball, folder, or http url, or git url.
32 error System Darwin 14.5.0
33 error command "/Users/joseph.allen/.nvm/v0.10.40/bin/node" "/Users/joseph.allen/.nvm/v0.10.40/bin/npm" "i" "nodesqlite3"
34 error cwd /Users/joseph.allen/Code/RubyAcornBlog/ghost-0.7.6
35 error node -v v0.10.40
36 error npm -v 1.4.28
37 error code E404
38 verbose exit [ 1, true ]
